<?xml version="1.0" encoding="UTF-8"?>
<!-- Generated by org.testng.reporters.JUnitXMLReporter -->
<testsuite ignored="0" hostname="Kavya" failures="0" tests="1" name="Test Phase1_Testcases" time="45.079" errors="0" timestamp="13 Mar 2025 11:18:15 GMT">
  <testcase classname="base.BaseClass" name="@AfterClass closeDriver" time="0.0">
    <failure type="java.lang.IllegalArgumentException" message="wrong number of arguments: 0 expected: 1">
      <![CDATA[java.lang.IllegalArgumentException: wrong number of arguments: 0 expected: 1
	at java.base/java.util.concurrent.FutureTask.run(FutureTask.java:317)
	at java.base/java.util.concurrent.ThreadPoolExecutor.runWorker(ThreadPoolExecutor.java:1144)
	at java.base/java.util.concurrent.ThreadPoolExecutor$Worker.run(ThreadPoolExecutor.java:642)
	at java.base/java.lang.Thread.run(Thread.java:1589)
... Removed 15 stack frames]]>
    </failure>
  </testcase> <!-- @AfterClass closeDriver -->
  <testcase classname="testcase.P1_1VerifyBannerLoginBtn" name="testPriority1" time="11.97"/>
</testsuite> <!-- Test Phase1_Testcases -->
