<?xml version="1.0" encoding="UTF-8"?>
<!-- Generated by org.testng.reporters.JUnitXMLReporter -->
<testsuite ignored="0" hostname="Kavya" failures="2" tests="11" name="Test Phase1_Testcases_IN" time="604.61" errors="0" timestamp="19 Mar 2025 13:04:09 GMT">
  <testcase classname="Phase2_Testcases.P2_3VerifyFullRegistratnOverseas" name="testPriority1" time="15.074">
    <failure type="org.openqa.selenium.NoSuchElementException" message="no such element: Unable to locate element: {&amp;quot;method&amp;quot;:&amp;quot;xpath&amp;quot;,&amp;quot;selector&amp;quot;:&amp;quot;//*[@id=&amp;apos;ieo-enroll-section&amp;apos;]/div/div/div[2]/div[1]/form/div/div[7]/div[2]/label/span[1]&amp;quot;}
  (Session info: chrome=112.0.5615.50)
For documentation on this error, please visit: https://www.selenium.dev/documentation/webdriver/troubleshooting/errors#no-such-element-exception
Build info: version: &amp;apos;4.17.0&amp;apos;, revision: &amp;apos;e52b1be057*&amp;apos;
System info: os.name: &amp;apos;Windows 11&amp;apos;, os.arch: &amp;apos;amd64&amp;apos;, os.version: &amp;apos;10.0&amp;apos;, java.version: &amp;apos;19.0.1&amp;apos;
Driver info: org.openqa.selenium.remote.RemoteWebDriver
Command: [879ee595e492a07b9236c7ce44a38b7b, findElement {value=//*[@id=&amp;apos;ieo-enroll-section&amp;apos;]/div/div/div[2]/div[1]/form/div/div[7]/div[2]/label/span[1], using=xpath}]
Capabilities {acceptInsecureCerts: false, browserName: chrome, browserVersion: 112.0.5615.50, chrome: {chromedriverVersion: 112.0.5615.28 (e01c41304994..., userDataDir: C:\Program Files (x86)\scop...}, goog:chromeOptions: {debuggerAddress: localhost:9225}, networkConnectionEnabled: false, pageLoadStrategy: normal, platformName: windows, proxy: Proxy(), setWindowRect: true, strictFileInteractability: false, timeouts: {implicit: 0, pageLoad: 300000, script: 30000}, unhandledPromptBehavior: dismiss and notify, webauthn:extension:credBlob: true, webauthn:extension:largeBlob: true, webauthn:extension:minPinLength: true, webauthn:extension:prf: true, webauthn:virtualAuthenticators: true}
Session ID: 879ee595e492a07b9236c7ce44a38b7b">
      <![CDATA[org.openqa.selenium.NoSuchElementException: no such element: Unable to locate element: {"method":"xpath","selector":"//*[@id='ieo-enroll-section']/div/div/div[2]/div[1]/form/div/div[7]/div[2]/label/span[1]"}
  (Session info: chrome=112.0.5615.50)
For documentation on this error, please visit: https://www.selenium.dev/documentation/webdriver/troubleshooting/errors#no-such-element-exception
Build info: version: '4.17.0', revision: 'e52b1be057*'
System info: os.name: 'Windows 11', os.arch: 'amd64', os.version: '10.0', java.version: '19.0.1'
Driver info: org.openqa.selenium.remote.RemoteWebDriver
Command: [879ee595e492a07b9236c7ce44a38b7b, findElement {value=//*[@id='ieo-enroll-section']/div/div/div[2]/div[1]/form/div/div[7]/div[2]/label/span[1], using=xpath}]
Capabilities {acceptInsecureCerts: false, browserName: chrome, browserVersion: 112.0.5615.50, chrome: {chromedriverVersion: 112.0.5615.28 (e01c41304994..., userDataDir: C:\Program Files (x86)\scop...}, goog:chromeOptions: {debuggerAddress: localhost:9225}, networkConnectionEnabled: false, pageLoadStrategy: normal, platformName: windows, proxy: Proxy(), setWindowRect: true, strictFileInteractability: false, timeouts: {implicit: 0, pageLoad: 300000, script: 30000}, unhandledPromptBehavior: dismiss and notify, webauthn:extension:credBlob: true, webauthn:extension:largeBlob: true, webauthn:extension:minPinLength: true, webauthn:extension:prf: true, webauthn:virtualAuthenticators: true}
Session ID: 879ee595e492a07b9236c7ce44a38b7b
	at org.openqa.selenium.remote.codec.w3c.W3CHttpResponseCodec.createException(W3CHttpResponseCodec.java:185)
	at org.openqa.selenium.remote.codec.w3c.W3CHttpResponseCodec.decode(W3CHttpResponseCodec.java:134)
	at org.openqa.selenium.remote.codec.w3c.W3CHttpResponseCodec.decode(W3CHttpResponseCodec.java:51)
	at org.openqa.selenium.remote.HttpCommandExecutor.execute(HttpCommandExecutor.java:190)
	at org.openqa.selenium.remote.TracedCommandExecutor.execute(TracedCommandExecutor.java:51)
	at org.openqa.selenium.remote.RemoteWebDriver.execute(RemoteWebDriver.java:519)
	at org.openqa.selenium.remote.ElementLocation$ElementFinder$2.findElement(ElementLocation.java:165)
	at org.openqa.selenium.remote.ElementLocation.findElement(ElementLocation.java:59)
	at org.openqa.selenium.remote.RemoteWebDriver.findElement(RemoteWebDriver.java:356)
	at org.openqa.selenium.remote.RemoteWebDriver.findElement(RemoteWebDriver.java:350)
	at org.openqa.selenium.support.pagefactory.DefaultElementLocator.findElement(DefaultElementLocator.java:68)
	at org.openqa.selenium.support.pagefactory.internal.LocatingElementHandler.invoke(LocatingElementHandler.java:38)
	at jdk.proxy2/jdk.proxy2.$Proxy18.getAttribute(Unknown Source)
	at pageobjects.Overseas_HomePage_Elements.click_firstCheckbox(Overseas_HomePage_Elements.java:289)
	at Phase2_Testcases.P2_3VerifyFullRegistratnOverseas.testPriority1(P2_3VerifyFullRegistratnOverseas.java:51)
	at java.base/java.util.concurrent.FutureTask.run(FutureTask.java:317)
	at java.base/java.util.concurrent.ThreadPoolExecutor.runWorker(ThreadPoolExecutor.java:1144)
	at java.base/java.util.concurrent.ThreadPoolExecutor$Worker.run(ThreadPoolExecutor.java:642)
	at java.base/java.lang.Thread.run(Thread.java:1589)
... Removed 17 stack frames]]>
    </failure>
  </testcase> <!-- testPriority1 -->
  <testcase classname="testcase.P1_1VerifyBannerLoginBtn" name="BannerLoginBtn_TestCase" time="10.104"/>
  <testcase classname="testcase.P1_2VerifyRegionLangSwitchr" name="TopBannerLangSwitcherTestcase" time="113.261"/>
  <testcase classname="testcase.P1_3VerifyBannerRegistrnBtn" name="BannerRegisterBtnTestcase" time="7.232"/>
  <testcase classname="testcase.P1_4VerifyStickyCTA" name="StickyRegisterCta" time="7.815">
    <failure type="org.openqa.selenium.ElementClickInterceptedException" message="element click intercepted: Element &amp;lt;a target=&amp;quot;&amp;quot; class=&amp;quot;chakra-link orange-button css-hginjd&amp;quot; id=&amp;quot;ieo-register-sticky-btn&amp;quot; href=&amp;quot;/in/en/inner-engineering#ieo-enroll-section&amp;quot;&amp;gt;...&amp;lt;/a&amp;gt; is not clickable at point (1818, 335). Other element would receive the click: &amp;lt;a target=&amp;quot;&amp;quot; class=&amp;quot;chakra-link orange-button css-hginjd&amp;quot; id=&amp;quot;ieo-register-sticky-btn&amp;quot; href=&amp;quot;/in/en/inner-engineering#ieo-enroll-section&amp;quot;&amp;gt;...&amp;lt;/a&amp;gt;
  (Session info: chrome=112.0.5615.50)
Build info: version: &amp;apos;4.17.0&amp;apos;, revision: &amp;apos;e52b1be057*&amp;apos;
System info: os.name: &amp;apos;Windows 11&amp;apos;, os.arch: &amp;apos;amd64&amp;apos;, os.version: &amp;apos;10.0&amp;apos;, java.version: &amp;apos;19.0.1&amp;apos;
Driver info: org.openqa.selenium.remote.RemoteWebDriver
Command: [81d16f0ad5ad7dfee55e0bd09c05b90c, clickElement {id=fd63a70b-c379-4915-b65e-94d4db373d2b}]
Capabilities {acceptInsecureCerts: false, browserName: chrome, browserVersion: 112.0.5615.50, chrome: {chromedriverVersion: 112.0.5615.28 (e01c41304994..., userDataDir: C:\Program Files (x86)\scop...}, goog:chromeOptions: {debuggerAddress: localhost:9225}, networkConnectionEnabled: false, pageLoadStrategy: normal, platformName: windows, proxy: Proxy(), setWindowRect: true, strictFileInteractability: false, timeouts: {implicit: 0, pageLoad: 300000, script: 30000}, unhandledPromptBehavior: dismiss and notify, webauthn:extension:credBlob: true, webauthn:extension:largeBlob: true, webauthn:extension:minPinLength: true, webauthn:extension:prf: true, webauthn:virtualAuthenticators: true}
Element: [[RemoteWebDriver: chrome on windows (81d16f0ad5ad7dfee55e0bd09c05b90c)] -&amp;gt; id: ieo-register-sticky-btn]
Session ID: 81d16f0ad5ad7dfee55e0bd09c05b90c">
      <![CDATA[org.openqa.selenium.ElementClickInterceptedException: element click intercepted: Element <a target="" class="chakra-link orange-button css-hginjd" id="ieo-register-sticky-btn" href="/in/en/inner-engineering#ieo-enroll-section">...</a> is not clickable at point (1818, 335). Other element would receive the click: <a target="" class="chakra-link orange-button css-hginjd" id="ieo-register-sticky-btn" href="/in/en/inner-engineering#ieo-enroll-section">...</a>
  (Session info: chrome=112.0.5615.50)
Build info: version: '4.17.0', revision: 'e52b1be057*'
System info: os.name: 'Windows 11', os.arch: 'amd64', os.version: '10.0', java.version: '19.0.1'
Driver info: org.openqa.selenium.remote.RemoteWebDriver
Command: [81d16f0ad5ad7dfee55e0bd09c05b90c, clickElement {id=fd63a70b-c379-4915-b65e-94d4db373d2b}]
Capabilities {acceptInsecureCerts: false, browserName: chrome, browserVersion: 112.0.5615.50, chrome: {chromedriverVersion: 112.0.5615.28 (e01c41304994..., userDataDir: C:\Program Files (x86)\scop...}, goog:chromeOptions: {debuggerAddress: localhost:9225}, networkConnectionEnabled: false, pageLoadStrategy: normal, platformName: windows, proxy: Proxy(), setWindowRect: true, strictFileInteractability: false, timeouts: {implicit: 0, pageLoad: 300000, script: 30000}, unhandledPromptBehavior: dismiss and notify, webauthn:extension:credBlob: true, webauthn:extension:largeBlob: true, webauthn:extension:minPinLength: true, webauthn:extension:prf: true, webauthn:virtualAuthenticators: true}
Element: [[RemoteWebDriver: chrome on windows (81d16f0ad5ad7dfee55e0bd09c05b90c)] -> id: ieo-register-sticky-btn]
Session ID: 81d16f0ad5ad7dfee55e0bd09c05b90c
	at org.openqa.selenium.remote.codec.w3c.W3CHttpResponseCodec.createException(W3CHttpResponseCodec.java:185)
	at org.openqa.selenium.remote.codec.w3c.W3CHttpResponseCodec.decode(W3CHttpResponseCodec.java:134)
	at org.openqa.selenium.remote.codec.w3c.W3CHttpResponseCodec.decode(W3CHttpResponseCodec.java:51)
	at org.openqa.selenium.remote.HttpCommandExecutor.execute(HttpCommandExecutor.java:190)
	at org.openqa.selenium.remote.TracedCommandExecutor.execute(TracedCommandExecutor.java:51)
	at org.openqa.selenium.remote.RemoteWebDriver.execute(RemoteWebDriver.java:519)
	at org.openqa.selenium.remote.RemoteWebElement.execute(RemoteWebElement.java:223)
	at org.openqa.selenium.remote.RemoteWebElement.click(RemoteWebElement.java:76)
	at org.openqa.selenium.support.pagefactory.internal.LocatingElementHandler.invoke(LocatingElementHandler.java:51)
	at jdk.proxy2/jdk.proxy2.$Proxy18.click(Unknown Source)
	at pageobjects.IE_Home_PageElements.clickRegisterStickyctaIN(IE_Home_PageElements.java:248)
	at testcase.P1_4VerifyStickyCTA.StickyRegisterCta(P1_4VerifyStickyCTA.java:31)
	at java.base/java.util.concurrent.FutureTask.run(FutureTask.java:317)
	at java.base/java.util.concurrent.ThreadPoolExecutor.runWorker(ThreadPoolExecutor.java:1144)
	at java.base/java.util.concurrent.ThreadPoolExecutor$Worker.run(ThreadPoolExecutor.java:642)
	at java.base/java.lang.Thread.run(Thread.java:1589)
... Removed 19 stack frames]]>
    </failure>
  </testcase> <!-- StickyRegisterCta -->
  <testcase classname="testcase.P1_5VerifyPrgmFeeUI" name="programFeeUI_Testcase" time="9.685"/>
  <testcase classname="testcase.P1_6VerifyLangSwitchr" name="EnrollLangSwitcher_Testcase" time="30.682"/>
  <testcase classname="testcase.P1_7VerifyContinueBtn" name="Enroll_ContinuebtnTestcase" time="7.88"/>
  <testcase classname="testcase.P1_8VerifyEnrollBtn" name="EnrollButtonTestcase" time="12.661"/>
  <testcase classname="testcase.P1_9VerifyAttendInPersLink" name="AttendINpersonTestCase" time="11.139"/>
  <testcase classname="testcase.P1_10VerifyIshaSupportLink" name="IshaSupportLinkTestcase" time="12.466"/>
</testsuite> <!-- Test Phase1_Testcases_IN -->
