<?xml version="1.0" encoding="UTF-8"?>
<testsuite xmlns:xsi="http://www.w3.org/2001/XMLSchema-instance" xsi:noNamespaceSchemaLocation="https://maven.apache.org/surefire/maven-surefire-plugin/xsd/surefire-test-report-3.0.xsd" version="3.0" name="TestSuite" time="4.359" tests="30" errors="0" skipped="29" failures="1">
  <properties>
[...]
</properties>
  <testcase name="setup[Opera, UAT, IN, 112, Windows 10, Credentials](0)" classname="testcase.P1_1VerifyBannerLoginBtn" time="4.008">
    <failure message="Receiver class org.openqa.selenium.opera.OperaDriverService$Builder does not define or inherit an implementation of the resolved method &apos;abstract void loadSystemProperties()&apos; of abstract class org.openqa.selenium.remote.service.DriverService$Builder." type="java.lang.AbstractMethodError"><![CDATA[java.lang.AbstractMethodError: Receiver class org.openqa.selenium.opera.OperaDriverService$Builder does not define or inherit an implementation of the resolved method 'abstract void loadSystemProperties()' of abstract class org.openqa.selenium.remote.service.DriverService$Builder.
	at org.openqa.selenium.remote.service.DriverService$Builder.build(DriverService.java:504)
	at org.openqa.selenium.opera.OperaDriverService.createDefaultService(Unknown Source)
	at org.openqa.selenium.opera.OperaDriver.<init>(Unknown Source)
	at base.BaseClass.setup(BaseClass.java:417)
	at java.base/jdk.internal.reflect.DirectMethodHandleAccessor.invoke(DirectMethodHandleAccessor.java:104)
	at java.base/java.lang.reflect.Method.invoke(Method.java:578)
	at org.testng.internal.MethodInvocationHelper.invokeMethod(MethodInvocationHelper.java:104)
	at org.testng.internal.Invoker.invokeConfigurationMethod(Invoker.java:515)
	at org.testng.internal.Invoker.invokeConfigurations(Invoker.java:217)
	at org.testng.internal.Invoker.invokeConfigurations(Invoker.java:144)
	at org.testng.internal.TestMethodWorker.invokeBeforeClassMethods(TestMethodWorker.java:169)
	at org.testng.internal.TestMethodWorker.run(TestMethodWorker.java:108)
	at org.testng.TestRunner.privateRun(TestRunner.java:756)
	at org.testng.TestRunner.run(TestRunner.java:610)
	at org.testng.SuiteRunner.runTest(SuiteRunner.java:387)
	at org.testng.SuiteRunner.access$000(SuiteRunner.java:39)
	at org.testng.SuiteRunner$SuiteWorker.run(SuiteRunner.java:421)
	at org.testng.internal.thread.ThreadUtil$2.call(ThreadUtil.java:64)
	at java.base/java.util.concurrent.FutureTask.run(FutureTask.java:317)
	at java.base/java.util.concurrent.ThreadPoolExecutor.runWorker(ThreadPoolExecutor.java:1144)
	at java.base/java.util.concurrent.ThreadPoolExecutor$Worker.run(ThreadPoolExecutor.java:642)
	at java.base/java.lang.Thread.run(Thread.java:1589)
]]></failure>
    <system-out><![CDATA[LambdaTest Username: aditi.pandey
LambdaTest Passkey: Dy4IIkb7GvAuQeEXg4W55KqUTWqQstNAv73S4HAN7Ngazgdwvs
]]></system-out>
  </testcase>
  <testcase name="BannerLoginBtn_TestCase" classname="testcase.P1_1VerifyBannerLoginBtn" time="0">
    <skipped message="Receiver class org.openqa.selenium.opera.OperaDriverService$Builder does not define or inherit an implementation of the resolved method &apos;abstract void loadSystemProperties()&apos; of abstract class org.openqa.selenium.remote.service.DriverService$Builder."/>
    <system-out><![CDATA[Test Started: BannerLoginBtn_TestCase
Test Skipped: BannerLoginBtn_TestCase
]]></system-out>
  </testcase>
  <testcase name="closeDriver" classname="testcase.P1_1VerifyBannerLoginBtn" time="0">
    <skipped/>
  </testcase>
  <testcase name="setup" classname="testcase.P1_2VerifyRegionLangSwitchr" time="0">
    <skipped/>
  </testcase>
  <testcase name="TopBannerLangSwitcherTestcase" classname="testcase.P1_2VerifyRegionLangSwitchr" time="0">
    <skipped message="Receiver class org.openqa.selenium.opera.OperaDriverService$Builder does not define or inherit an implementation of the resolved method &apos;abstract void loadSystemProperties()&apos; of abstract class org.openqa.selenium.remote.service.DriverService$Builder."/>
    <system-out><![CDATA[Test Started: TopBannerLangSwitcherTestcase
Test Skipped: TopBannerLangSwitcherTestcase
]]></system-out>
  </testcase>
  <testcase name="closeDriver" classname="testcase.P1_2VerifyRegionLangSwitchr" time="0">
    <skipped/>
  </testcase>
  <testcase name="setup" classname="testcase.P1_3VerifyBannerRegistrnBtn" time="0">
    <skipped/>
  </testcase>
  <testcase name="BannerRegisterBtnTestcase" classname="testcase.P1_3VerifyBannerRegistrnBtn" time="0">
    <skipped message="Receiver class org.openqa.selenium.opera.OperaDriverService$Builder does not define or inherit an implementation of the resolved method &apos;abstract void loadSystemProperties()&apos; of abstract class org.openqa.selenium.remote.service.DriverService$Builder."/>
    <system-out><![CDATA[Test Started: BannerRegisterBtnTestcase
Test Skipped: BannerRegisterBtnTestcase
]]></system-out>
  </testcase>
  <testcase name="closeDriver" classname="testcase.P1_3VerifyBannerRegistrnBtn" time="0">
    <skipped/>
  </testcase>
  <testcase name="setup" classname="testcase.P1_4VerifyStickyCTA" time="0">
    <skipped/>
  </testcase>
  <testcase name="StickyRegisterCta" classname="testcase.P1_4VerifyStickyCTA" time="0">
    <skipped message="Receiver class org.openqa.selenium.opera.OperaDriverService$Builder does not define or inherit an implementation of the resolved method &apos;abstract void loadSystemProperties()&apos; of abstract class org.openqa.selenium.remote.service.DriverService$Builder."/>
    <system-out><![CDATA[Test Started: StickyRegisterCta
Test Skipped: StickyRegisterCta
]]></system-out>
  </testcase>
  <testcase name="closeDriver" classname="testcase.P1_4VerifyStickyCTA" time="0">
    <skipped/>
  </testcase>
  <testcase name="setup" classname="testcase.P1_5VerifyPrgmFeeUI" time="0">
    <skipped/>
  </testcase>
  <testcase name="programFeeUI_Testcase" classname="testcase.P1_5VerifyPrgmFeeUI" time="0">
    <skipped message="Receiver class org.openqa.selenium.opera.OperaDriverService$Builder does not define or inherit an implementation of the resolved method &apos;abstract void loadSystemProperties()&apos; of abstract class org.openqa.selenium.remote.service.DriverService$Builder."/>
    <system-out><![CDATA[Test Started: programFeeUI_Testcase
Test Skipped: programFeeUI_Testcase
]]></system-out>
  </testcase>
  <testcase name="closeDriver" classname="testcase.P1_5VerifyPrgmFeeUI" time="0">
    <skipped/>
  </testcase>
  <testcase name="setup" classname="testcase.P1_6VerifyLangSwitchr" time="0">
    <skipped/>
  </testcase>
  <testcase name="EnrollLangSwitcher_Testcase[IN](1)" classname="testcase.P1_6VerifyLangSwitchr" time="0">
    <skipped message="Receiver class org.openqa.selenium.opera.OperaDriverService$Builder does not define or inherit an implementation of the resolved method &apos;abstract void loadSystemProperties()&apos; of abstract class org.openqa.selenium.remote.service.DriverService$Builder."/>
    <system-out><![CDATA[Test Started: EnrollLangSwitcher_Testcase
Test Skipped: EnrollLangSwitcher_Testcase
]]></system-out>
  </testcase>
  <testcase name="closeDriver" classname="testcase.P1_6VerifyLangSwitchr" time="0">
    <skipped/>
  </testcase>
  <testcase name="setup" classname="testcase.P1_7VerifyContinueBtn" time="0">
    <skipped/>
  </testcase>
  <testcase name="Enroll_ContinuebtnTestcase" classname="testcase.P1_7VerifyContinueBtn" time="0">
    <skipped message="Receiver class org.openqa.selenium.opera.OperaDriverService$Builder does not define or inherit an implementation of the resolved method &apos;abstract void loadSystemProperties()&apos; of abstract class org.openqa.selenium.remote.service.DriverService$Builder."/>
    <system-out><![CDATA[Test Started: Enroll_ContinuebtnTestcase
Test Skipped: Enroll_ContinuebtnTestcase
]]></system-out>
  </testcase>
  <testcase name="closeDriver" classname="testcase.P1_7VerifyContinueBtn" time="0">
    <skipped/>
  </testcase>
  <testcase name="setup" classname="testcase.P1_8VerifyEnrollBtn" time="0">
    <skipped/>
  </testcase>
  <testcase name="EnrollButtonTestcase" classname="testcase.P1_8VerifyEnrollBtn" time="0">
    <skipped message="Receiver class org.openqa.selenium.opera.OperaDriverService$Builder does not define or inherit an implementation of the resolved method &apos;abstract void loadSystemProperties()&apos; of abstract class org.openqa.selenium.remote.service.DriverService$Builder."/>
    <system-out><![CDATA[Test Started: EnrollButtonTestcase
Test Skipped: EnrollButtonTestcase
]]></system-out>
  </testcase>
  <testcase name="closeDriver" classname="testcase.P1_8VerifyEnrollBtn" time="0">
    <skipped/>
  </testcase>
  <testcase name="setup" classname="testcase.P1_9VerifyAttendInPersLink" time="0">
    <skipped/>
  </testcase>
  <testcase name="AttendINpersonTestCase" classname="testcase.P1_9VerifyAttendInPersLink" time="0">
    <skipped message="Receiver class org.openqa.selenium.opera.OperaDriverService$Builder does not define or inherit an implementation of the resolved method &apos;abstract void loadSystemProperties()&apos; of abstract class org.openqa.selenium.remote.service.DriverService$Builder."/>
    <system-out><![CDATA[Test Started: AttendINpersonTestCase
Test Skipped: AttendINpersonTestCase
]]></system-out>
  </testcase>
  <testcase name="closeDriver" classname="testcase.P1_9VerifyAttendInPersLink" time="0">
    <skipped/>
  </testcase>
  <testcase name="setup" classname="testcase.P1_10VerifyIshaSupportLink" time="0">
    <skipped/>
  </testcase>
  <testcase name="IshaSupportLinkTestcase" classname="testcase.P1_10VerifyIshaSupportLink" time="0">
    <skipped message="Receiver class org.openqa.selenium.opera.OperaDriverService$Builder does not define or inherit an implementation of the resolved method &apos;abstract void loadSystemProperties()&apos; of abstract class org.openqa.selenium.remote.service.DriverService$Builder."/>
    <system-out><![CDATA[Test Started: IshaSupportLinkTestcase
Test Skipped: IshaSupportLinkTestcase
]]></system-out>
  </testcase>
  <testcase name="closeDriver" classname="testcase.P1_10VerifyIshaSupportLink" time="0">
    <skipped/>
  </testcase>
</testsuite>