<?xml version="1.0" encoding="UTF-8"?>
<testng-results ignored="0" total="1" passed="1" failed="0" skipped="0">
  <reporter-output>
  </reporter-output>
  <suite started-at="2025-03-12T10:22:48Z" name="Suite" finished-at="2025-03-12T10:23:55Z" duration-ms="67275">
    <groups>
    </groups>
    <test started-at="2025-03-12T10:22:48Z" name="Test P1_1VerifyBannerLoginBtn" finished-at="2025-03-12T10:23:55Z" duration-ms="67275">
      <class name="testcase.P1_6VerifyLangSwitchr">
        <test-method is-config="true" signature="setup(java.lang.String, java.lang.String, java.lang.String, java.lang.String, java.lang.String, java.lang.String)[pri:0, instance:testcase.P1_6VerifyLangSwitchr@6d2a209c]" started-at="2025-03-12T15:52:48Z" name="setup" finished-at="2025-03-12T15:53:20Z" duration-ms="32036" status="PASS">
          <params>
            <param index="0">
              <value>
                <![CDATA[Chrome]]>
              </value>
            </param>
            <param index="1">
              <value>
                <![CDATA[UAT]]>
              </value>
            </param>
            <param index="2">
              <value>
                <![CDATA[US]]>
              </value>
            </param>
            <param index="3">
              <value>
                <![CDATA[112]]>
              </value>
            </param>
            <param index="4">
              <value>
                <![CDATA[Windows 10]]>
              </value>
            </param>
            <param index="5">
              <value>
                <![CDATA[Credentials]]>
              </value>
            </param>
          </params>
          <reporter-output>
          </reporter-output>
        </test-method> <!-- setup -->
        <test-method signature="testPriority1(java.lang.String)[pri:0, instance:testcase.P1_6VerifyLangSwitchr@6d2a209c]" started-at="2025-03-12T15:53:20Z" name="testPriority1" finished-at="2025-03-12T15:53:55Z" duration-ms="35068" status="PASS">
          <params>
            <param index="0">
              <value>
                <![CDATA[US]]>
              </value>
            </param>
          </params>
          <reporter-output>
          </reporter-output>
        </test-method> <!-- testPriority1 -->
        <test-method is-config="true" signature="closeDriver()[pri:0, instance:testcase.P1_6VerifyLangSwitchr@6d2a209c]" started-at="2025-03-12T15:53:55Z" name="closeDriver" finished-at="2025-03-12T15:53:55Z" duration-ms="144" status="PASS">
          <reporter-output>
          </reporter-output>
        </test-method> <!-- closeDriver -->
      </class> <!-- testcase.P1_6VerifyLangSwitchr -->
    </test> <!-- Test P1_1VerifyBannerLoginBtn -->
  </suite> <!-- Suite -->
</testng-results>
