<?xml version="1.0" encoding="UTF-8"?>
<testng-results ignored="0" total="1" passed="1" failed="0" skipped="0">
  <reporter-output>
  </reporter-output>
  <suite started-at="2025-03-12T08:29:56Z" name="Suite" finished-at="2025-03-12T08:30:21Z" duration-ms="25741">
    <groups>
    </groups>
    <test started-at="2025-03-12T08:29:56Z" name="Test P1_1VerifyBannerLoginBtn" finished-at="2025-03-12T08:30:21Z" duration-ms="25741">
      <class name="testcase.P1_7VerifyContinueBtn">
        <test-method is-config="true" signature="setup(java.lang.String, java.lang.String, java.lang.String, java.lang.String, java.lang.String, java.lang.String)[pri:0, instance:testcase.P1_7VerifyContinueBtn@6d2a209c]" started-at="2025-03-12T13:59:56Z" name="setup" finished-at="2025-03-12T14:00:13Z" duration-ms="17611" status="PASS">
          <params>
            <param index="0">
              <value>
                <![CDATA[Edge]]>
              </value>
            </param>
            <param index="1">
              <value>
                <![CDATA[UAT]]>
              </value>
            </param>
            <param index="2">
              <value>
                <![CDATA[US]]>
              </value>
            </param>
            <param index="3">
              <value>
                <![CDATA[112]]>
              </value>
            </param>
            <param index="4">
              <value>
                <![CDATA[Windows 10]]>
              </value>
            </param>
            <param index="5">
              <value>
                <![CDATA[Credentials]]>
              </value>
            </param>
          </params>
          <reporter-output>
          </reporter-output>
        </test-method> <!-- setup -->
        <test-method signature="testPriotity1()[pri:0, instance:testcase.P1_7VerifyContinueBtn@6d2a209c]" started-at="2025-03-12T14:00:13Z" name="testPriotity1" finished-at="2025-03-12T14:00:21Z" duration-ms="7413" status="PASS">
          <reporter-output>
          </reporter-output>
        </test-method> <!-- testPriotity1 -->
        <test-method is-config="true" signature="closeDriver()[pri:0, instance:testcase.P1_7VerifyContinueBtn@6d2a209c]" started-at="2025-03-12T14:00:21Z" name="closeDriver" finished-at="2025-03-12T14:00:21Z" duration-ms="684" status="PASS">
          <reporter-output>
          </reporter-output>
        </test-method> <!-- closeDriver -->
      </class> <!-- testcase.P1_7VerifyContinueBtn -->
    </test> <!-- Test P1_1VerifyBannerLoginBtn -->
  </suite> <!-- Suite -->
</testng-results>
