<?xml version="1.0" encoding="UTF-8"?>
<!-- Generated by org.testng.reporters.JUnitReportReporter -->
<testsuite ignored="0" hostname="Kavya" failures="0" tests="7" name="testcase.P1_3VerifyBannerRegistrnBtn" time="45.953" errors="0" timestamp="19 Mar 2025 14:08:38 GMT" skipped="0">
  <testcase classname="testcase.P1_3VerifyBannerRegistrnBtn" name="BannerRegisterBtnTestcase" time="6.649"/>
  <testcase classname="testcase.P1_3VerifyBannerRegistrnBtn" name="BannerRegisterBtnTestcase" time="7.232"/>
  <testcase classname="testcase.P1_3VerifyBannerRegistrnBtn" name="BannerRegisterBtnTestcase" time="6.356"/>
  <testcase classname="testcase.P1_3VerifyBannerRegistrnBtn" name="BannerRegisterBtnTestcase" time="6.022"/>
  <testcase classname="testcase.P1_3VerifyBannerRegistrnBtn" name="BannerRegisterBtnTestcase" time="6.830"/>
  <testcase classname="testcase.P1_3VerifyBannerRegistrnBtn" name="BannerRegisterBtnTestcase" time="6.373"/>
  <testcase classname="testcase.P1_3VerifyBannerRegistrnBtn" name="BannerRegisterBtnTestcase" time="6.491"/>
</testsuite> <!-- testcase.P1_3VerifyBannerRegistrnBtn -->
