<?xml version="1.0" encoding="UTF-8"?>
<!-- Generated by org.testng.reporters.JUnitReportReporter -->
<testsuite ignored="0" hostname="Kavya" failures="0" tests="7" name="testcase.P1_7VerifyContinueBtn" time="53.864" errors="0" timestamp="19 Mar 2025 14:08:38 GMT" skipped="0">
  <testcase classname="testcase.P1_7VerifyContinueBtn" name="Enroll_ContinuebtnTestcase" time="8.980"/>
  <testcase classname="testcase.P1_7VerifyContinueBtn" name="Enroll_ContinuebtnTestcase" time="8.310"/>
  <testcase classname="testcase.P1_7VerifyContinueBtn" name="Enroll_ContinuebtnTestcase" time="7.964"/>
  <testcase classname="testcase.P1_7VerifyContinueBtn" name="Enroll_ContinuebtnTestcase" time="7.880"/>
  <testcase classname="testcase.P1_7VerifyContinueBtn" name="Enroll_ContinuebtnTestcase" time="6.616"/>
  <testcase classname="testcase.P1_7VerifyContinueBtn" name="Enroll_ContinuebtnTestcase" time="6.632"/>
  <testcase classname="testcase.P1_7VerifyContinueBtn" name="Enroll_ContinuebtnTestcase" time="7.482"/>
</testsuite> <!-- testcase.P1_7VerifyContinueBtn -->
