<?xml version="1.0" encoding="UTF-8"?>
<!-- Generated by org.testng.reporters.JUnitReportReporter -->
<testsuite ignored="0" hostname="Kavya" failures="0" tests="7" name="testcase.P1_9VerifyAttendInPersLink" time="113.005" errors="1" timestamp="19 Mar 2025 14:08:38 GMT" skipped="0">
  <testcase classname="testcase.P1_9VerifyAttendInPersLink" name="AttendINpersonTestCase" time="13.132"/>
  <testcase classname="testcase.P1_9VerifyAttendInPersLink" name="AttendINpersonTestCase" time="16.591"/>
  <testcase classname="testcase.P1_9VerifyAttendInPersLink" name="AttendINpersonTestCase" time="2.931">
    <error message="element click intercepted: Element &lt;a target=&quot;_blank&quot; href=&quot;https://isha.sadhguru.org/uk/en/program-finder?programType=Inner+Engineering+-+In-Person&amp;amp;programType=Inner+Engineering+Retreat&amp;amp;programType=Inner+Engineering+4+Days&amp;amp;programType=Inner+Engineering+7+Days&amp;amp;programType=Inner+Engineering+Completion&amp;amp;programType=Isha+Yoga+Program+%28Tamil%29&amp;amp;activeFilter=100&amp;amp;popup=0&quot;&gt;...&lt;/a&gt; is not clickable at point (931, 954). Other element would receive the click: &lt;div id=&quot;uk-cookie&quot; class=&quot;css-4zredz&quot;&gt;...&lt;/div&gt;
  (Session info: chrome=112.0.5615.50)
Build info: version: &#039;4.17.0&#039;, revision: &#039;e52b1be057*&#039;
System info: os.name: &#039;Windows 11&#039;, os.arch: &#039;amd64&#039;, os.version: &#039;10.0&#039;, java.version: &#039;19.0.1&#039;
Driver info: org.openqa.selenium.remote.RemoteWebDriver
Command: [7324110d5677fcd790ec54804409a9f7, clickElement {id=7a149488-82d5-4b61-9a55-053b48c9ae1a}]
Capabilities {acceptInsecureCerts: false, browserName: chrome, browserVersion: 112.0.5615.50, chrome: {chromedriverVersion: 112.0.5615.28 (e01c41304994..., userDataDir: C:\Program Files (x86)\scop...}, goog:chromeOptions: {debuggerAddress: localhost:9225}, networkConnectionEnabled: false, pageLoadStrategy: normal, platformName: windows, proxy: Proxy(), setWindowRect: true, strictFileInteractability: false, timeouts: {implicit: 0, pageLoad: 300000, script: 30000}, unhandledPromptBehavior: dismiss and notify, webauthn:extension:credBlob: true, webauthn:extension:largeBlob: true, webauthn:extension:minPinLength: true, webauthn:extension:prf: true, webauthn:virtualAuthenticators: true}
Element: [[RemoteWebDriver: chrome on windows (7324110d5677fcd790ec54804409a9f7)] -&gt; xpath: //a[text()=&#039;Attend In Person&#039;]]
Session ID: 7324110d5677fcd790ec54804409a9f7" type="org.openqa.selenium.ElementClickInterceptedException">
      <![CDATA[org.openqa.selenium.ElementClickInterceptedException: element click intercepted: Element <a target="_blank" href="https://isha.sadhguru.org/uk/en/program-finder?programType=Inner+Engineering+-+In-Person&amp;programType=Inner+Engineering+Retreat&amp;programType=Inner+Engineering+4+Days&amp;programType=Inner+Engineering+7+Days&amp;programType=Inner+Engineering+Completion&amp;programType=Isha+Yoga+Program+%28Tamil%29&amp;activeFilter=100&amp;popup=0">...</a> is not clickable at point (931, 954). Other element would receive the click: <div id="uk-cookie" class="css-4zredz">...</div>
  (Session info: chrome=112.0.5615.50)
Build info: version: '4.17.0', revision: 'e52b1be057*'
System info: os.name: 'Windows 11', os.arch: 'amd64', os.version: '10.0', java.version: '19.0.1'
Driver info: org.openqa.selenium.remote.RemoteWebDriver
Command: [7324110d5677fcd790ec54804409a9f7, clickElement {id=7a149488-82d5-4b61-9a55-053b48c9ae1a}]
Capabilities {acceptInsecureCerts: false, browserName: chrome, browserVersion: 112.0.5615.50, chrome: {chromedriverVersion: 112.0.5615.28 (e01c41304994..., userDataDir: C:\Program Files (x86)\scop...}, goog:chromeOptions: {debuggerAddress: localhost:9225}, networkConnectionEnabled: false, pageLoadStrategy: normal, platformName: windows, proxy: Proxy(), setWindowRect: true, strictFileInteractability: false, timeouts: {implicit: 0, pageLoad: 300000, script: 30000}, unhandledPromptBehavior: dismiss and notify, webauthn:extension:credBlob: true, webauthn:extension:largeBlob: true, webauthn:extension:minPinLength: true, webauthn:extension:prf: true, webauthn:virtualAuthenticators: true}
Element: [[RemoteWebDriver: chrome on windows (7324110d5677fcd790ec54804409a9f7)] -> xpath: //a[text()='Attend In Person']]
Session ID: 7324110d5677fcd790ec54804409a9f7
	at java.base/jdk.internal.reflect.DirectConstructorHandleAccessor.newInstance(DirectConstructorHandleAccessor.java:67)
	at java.base/java.lang.reflect.Constructor.newInstanceWithCaller(Constructor.java:500)
	at java.base/java.lang.reflect.Constructor.newInstance(Constructor.java:484)
	at org.openqa.selenium.remote.codec.w3c.W3CHttpResponseCodec.createException(W3CHttpResponseCodec.java:185)
	at org.openqa.selenium.remote.codec.w3c.W3CHttpResponseCodec.decode(W3CHttpResponseCodec.java:134)
	at org.openqa.selenium.remote.codec.w3c.W3CHttpResponseCodec.decode(W3CHttpResponseCodec.java:51)
	at org.openqa.selenium.remote.HttpCommandExecutor.execute(HttpCommandExecutor.java:190)
	at org.openqa.selenium.remote.TracedCommandExecutor.execute(TracedCommandExecutor.java:51)
	at org.openqa.selenium.remote.RemoteWebDriver.execute(RemoteWebDriver.java:519)
	at org.openqa.selenium.remote.RemoteWebElement.execute(RemoteWebElement.java:223)
	at org.openqa.selenium.remote.RemoteWebElement.click(RemoteWebElement.java:76)
	at java.base/jdk.internal.reflect.DirectMethodHandleAccessor.invoke(DirectMethodHandleAccessor.java:104)
	at java.base/java.lang.reflect.Method.invoke(Method.java:578)
	at org.openqa.selenium.support.pagefactory.internal.LocatingElementHandler.invoke(LocatingElementHandler.java:51)
	at jdk.proxy2/jdk.proxy2.$Proxy18.click(Unknown Source)
	at pageobjects.IE_Home_PageElements.clickAttendInPerson(IE_Home_PageElements.java:598)
	at testcase.P1_9VerifyAttendInPersLink.AttendINpersonTestCase(P1_9VerifyAttendInPersLink.java:18)
	at java.base/jdk.internal.reflect.DirectMethodHandleAccessor.invoke(DirectMethodHandleAccessor.java:104)
	at java.base/java.lang.reflect.Method.invoke(Method.java:578)
	at org.testng.internal.MethodInvocationHelper.invokeMethod(MethodInvocationHelper.java:104)
	at org.testng.internal.Invoker.invokeMethod(Invoker.java:645)
	at org.testng.internal.Invoker.invokeTestMethod(Invoker.java:851)
	at org.testng.internal.Invoker.invokeTestMethods(Invoker.java:1177)
	at org.testng.internal.TestMethodWorker.invokeTestMethods(TestMethodWorker.java:129)
	at org.testng.internal.TestMethodWorker.run(TestMethodWorker.java:112)
	at org.testng.TestRunner.privateRun(TestRunner.java:756)
	at org.testng.TestRunner.run(TestRunner.java:610)
	at org.testng.SuiteRunner.runTest(SuiteRunner.java:387)
	at org.testng.SuiteRunner.access$000(SuiteRunner.java:39)
	at org.testng.SuiteRunner$SuiteWorker.run(SuiteRunner.java:421)
	at org.testng.internal.thread.ThreadUtil$2.call(ThreadUtil.java:64)
	at java.base/java.util.concurrent.FutureTask.run(FutureTask.java:317)
	at java.base/java.util.concurrent.ThreadPoolExecutor.runWorker(ThreadPoolExecutor.java:1144)
	at java.base/java.util.concurrent.ThreadPoolExecutor$Worker.run(ThreadPoolExecutor.java:642)
	at java.base/java.lang.Thread.run(Thread.java:1589)
]]>
    </error>
  </testcase> <!-- AttendINpersonTestCase -->
  <testcase classname="testcase.P1_9VerifyAttendInPersLink" name="AttendINpersonTestCase" time="11.139"/>
  <testcase classname="testcase.P1_9VerifyAttendInPersLink" name="AttendINpersonTestCase" time="10.458"/>
  <testcase classname="testcase.P1_9VerifyAttendInPersLink" name="AttendINpersonTestCase" time="46.444"/>
  <testcase classname="testcase.P1_9VerifyAttendInPersLink" name="AttendINpersonTestCase" time="12.310"/>
</testsuite> <!-- testcase.P1_9VerifyAttendInPersLink -->
