<?xml version="1.0" encoding="UTF-8"?>
<!-- Generated by org.testng.reporters.JUnitReportReporter -->
<testsuite ignored="0" hostname="Kavya" failures="0" tests="7" name="testcase.P1_1VerifyBannerLoginBtn" time="85.008" errors="0" timestamp="19 Mar 2025 14:08:38 GMT" skipped="0">
  <testcase classname="testcase.P1_1VerifyBannerLoginBtn" name="BannerLoginBtn_TestCase" time="9.134"/>
  <testcase classname="testcase.P1_1VerifyBannerLoginBtn" name="BannerLoginBtn_TestCase" time="10.105"/>
  <testcase classname="testcase.P1_1VerifyBannerLoginBtn" name="BannerLoginBtn_TestCase" time="25.129"/>
  <testcase classname="testcase.P1_1VerifyBannerLoginBtn" name="BannerLoginBtn_TestCase" time="8.998"/>
  <testcase classname="testcase.P1_1VerifyBannerLoginBtn" name="BannerLoginBtn_TestCase" time="10.548"/>
  <testcase classname="testcase.P1_1VerifyBannerLoginBtn" name="BannerLoginBtn_TestCase" time="11.351"/>
  <testcase classname="testcase.P1_1VerifyBannerLoginBtn" name="BannerLoginBtn_TestCase" time="9.743"/>
</testsuite> <!-- testcase.P1_1VerifyBannerLoginBtn -->
