<?xml version="1.0" encoding="UTF-8"?>
<!-- Generated by org.testng.reporters.JUnitReportReporter -->
<testsuite ignored="0" hostname="Kavya" failures="0" tests="1" name="testcase.P1_2VerifyRegionLangSwitchr" time="0.000" errors="0" timestamp="19 Mar 2025 09:28:26 GMT" skipped="1">
  <testcase classname="testcase.P1_2VerifyRegionLangSwitchr" name="TopBannerLangSwitcherTestcase" time="0.000">
    <skipped/>
  </testcase> <!-- TopBannerLangSwitcherTestcase -->
</testsuite> <!-- testcase.P1_2VerifyRegionLangSwitchr -->
